Using pre-set license
Built from '2020.3/staging' branch; Version is '2020.3.25f1 (9b9180224418) revision 10195328'; Using compiler version '192528614'; Build Type 'Release'
OS: 'Windows 10  (10.0.19043) 64bit Professional' Language: 'en' Physical Memory: 7541 MB
BatchMode: 1, IsHumanControllingUs: 0, StartBugReporterOnCrash: 0, Is64bit: 1, IsPro: 0

COMMAND LINE ARGUMENTS:
C:\Program Files\Unity\Hub\Editor\2020.3.25f1\Editor\Unity.exe
-adb2
-batchMode
-noUpm
-name
AssetImportWorker0
-projectPath
C:/Users/sofiia.fedor_cience/Desktop/shooter2/Tango-Gamedev-Lab-4/Shooter2d
-logFile
Logs/AssetImportWorker0.log
-srvPort
61513
Successfully changed project path to: C:/Users/sofiia.fedor_cience/Desktop/shooter2/Tango-Gamedev-Lab-4/Shooter2d
C:/Users/sofiia.fedor_cience/Desktop/shooter2/Tango-Gamedev-Lab-4/Shooter2d
Using Asset Import Pipeline V2.
Refreshing native plugins compatible for Editor in 55.53 ms, found 3 plugins.
Preloading 0 native plugins for Editor in 0.00 ms.
Initialize engine version: 2020.3.25f1 (9b9180224418)
[Subsystems] Discovering subsystems at path C:/Program Files/Unity/Hub/Editor/2020.3.25f1/Editor/Data/Resources/UnitySubsystems
[Subsystems] Discovering subsystems at path C:/Users/sofiia.fedor_cience/Desktop/shooter2/Tango-Gamedev-Lab-4/Shooter2d/Assets
GfxDevice: creating device client; threaded=0
Direct3D:
    Version:  Direct3D 11.0 [level 11.1]
    Renderer: AMD Radeon(TM) Graphics (ID=0x1636)
    Vendor:   
    VRAM:     3770 MB
    Driver:   27.20.21030.1005
Initialize mono
Mono path[0] = 'C:/Program Files/Unity/Hub/Editor/2020.3.25f1/Editor/Data/Managed'
Mono path[1] = 'C:/Program Files/Unity/Hub/Editor/2020.3.25f1/Editor/Data/MonoBleedingEdge/lib/mono/unityjit'
Mono config path = 'C:/Program Files/Unity/Hub/Editor/2020.3.25f1/Editor/Data/MonoBleedingEdge/etc'
Using monoOptions --debugger-agent=transport=dt_socket,embedding=1,server=y,suspend=n,address=127.0.0.1:56508
Begin MonoManager ReloadAssembly
Registering precompiled unity dll's ...
Register platform support module: C:/Program Files/Unity/Hub/Editor/2020.3.25f1/Editor/Data/PlaybackEngines/WebGLSupport/UnityEditor.WebGL.Extensions.dll
Register platform support module: C:/Program Files/Unity/Hub/Editor/2020.3.25f1/Editor/Data/PlaybackEngines/WindowsStandaloneSupport/UnityEditor.WindowsStandalone.Extensions.dll
Registered in 0.004124 seconds.
Native extension for WindowsStandalone target not found
Native extension for WebGL target not found
Refreshing native plugins compatible for Editor in 54.87 ms, found 3 plugins.
Preloading 0 native plugins for Editor in 0.00 ms.
Mono: successfully reloaded assembly
- Completed reload, in  0.667 seconds
Domain Reload Profiling:
	ReloadAssembly (667ms)
		BeginReloadAssembly (70ms)
			ExecutionOrderSort (0ms)
			DisableScriptedObjects (0ms)
			BackupInstance (0ms)
			ReleaseScriptingObjects (0ms)
			CreateAndSetChildDomain (1ms)
		EndReloadAssembly (519ms)
			LoadAssemblies (68ms)
			RebuildTransferFunctionScriptingTraits (0ms)
			SetupTypeCache (164ms)
			ReleaseScriptCaches (0ms)
			RebuildScriptCaches (36ms)
			SetupLoadedEditorAssemblies (192ms)
				LogAssemblyErrors (0ms)
				InitializePlatformSupportModulesInManaged (6ms)
				SetLoadedEditorAssemblies (0ms)
				RefreshPlugins (55ms)
				BeforeProcessingInitializeOnLoad (11ms)
				ProcessInitializeOnLoadAttributes (89ms)
				ProcessInitializeOnLoadMethodAttributes (31ms)
				AfterProcessingInitializeOnLoad (0ms)
				EditorAssembliesLoaded (0ms)
			ExecutionOrderSort2 (0ms)
			AwakeInstancesAfterBackupRestoration (0ms)
Platform modules already initialized, skipping
Registering precompiled user dll's ...
Registered in 0.014298 seconds.
Begin MonoManager ReloadAssembly
Native extension for WindowsStandalone target not found
Native extension for WebGL target not found
Refreshing native plugins compatible for Editor in 45.21 ms, found 3 plugins.
Preloading 0 native plugins for Editor in 0.00 ms.
Mono: successfully reloaded assembly
- Completed reload, in  1.141 seconds
Domain Reload Profiling:
	ReloadAssembly (1142ms)
		BeginReloadAssembly (136ms)
			ExecutionOrderSort (0ms)
			DisableScriptedObjects (4ms)
			BackupInstance (0ms)
			ReleaseScriptingObjects (0ms)
			CreateAndSetChildDomain (21ms)
		EndReloadAssembly (943ms)
			LoadAssemblies (117ms)
			RebuildTransferFunctionScriptingTraits (0ms)
			SetupTypeCache (307ms)
			ReleaseScriptCaches (1ms)
			RebuildScriptCaches (49ms)
			SetupLoadedEditorAssemblies (347ms)
				LogAssemblyErrors (0ms)
				InitializePlatformSupportModulesInManaged (5ms)
				SetLoadedEditorAssemblies (0ms)
				RefreshPlugins (45ms)
				BeforeProcessingInitializeOnLoad (69ms)
				ProcessInitializeOnLoadAttributes (199ms)
				ProcessInitializeOnLoadMethodAttributes (21ms)
				AfterProcessingInitializeOnLoad (7ms)
				EditorAssembliesLoaded (0ms)
			ExecutionOrderSort2 (0ms)
			AwakeInstancesAfterBackupRestoration (6ms)
Platform modules already initialized, skipping
========================================================================
Worker process is ready to serve import requests
Launched and connected shader compiler UnityShaderCompiler.exe after 0.07 seconds
Refreshing native plugins compatible for Editor in 1.03 ms, found 3 plugins.
Preloading 0 native plugins for Editor in 0.00 ms.
Unloading 2203 Unused Serialized files (Serialized files now loaded: 0)
System memory in use before: 96.8 MB.
System memory in use after: 96.9 MB.

Unloading 28 unused Assets to reduce memory usage. Loaded Objects now: 2637.
Total: 5.525900 ms (FindLiveObjects: 0.263600 ms CreateObjectMapping: 0.060000 ms MarkObjects: 5.004300 ms  DeleteObjects: 0.195400 ms)

AssetImportParameters requested are different than current active one (requested -> active):
  custom:framework-win-MediaFoundation: 216162199b28c13a410421893ffa2e32 -> 
  custom:video-decoder-ogg-theora: a1e56fd34408186e4bbccfd4996cb3dc -> 
  custom:container-muxer-webm: aa71ff27fc2769a1b78a27578f13a17b -> 
  custom:container-demuxer-webm: 4f35f7cbe854078d1ac9338744f61a02 -> 
  custom:container-demuxer-ogg: 62fdf1f143b41e24485cea50d1cbac27 -> 
  custom:video-encoder-webm-vp8: eb34c28f22e8b96e1ab97ce403110664 -> 
  custom:video-decoder-webm-vp8: 9c59270c3fd7afecdb556c50c9e8de78 -> 
  custom:audio-decoder-ogg-vorbis: bf7c407c2cedff20999df2af8eb42d56 -> 
  custom:audio-encoder-webm-vorbis: bf7c407c2cedff20999df2af8eb42d56 -> 
========================================================================
Received Import Request.
  path: Assets/Vertical 2D Shooting BE4/Readme.asset
  artifactKey: Guid(6ac5469e80d7f7f4e9a960ddeb8cd922) Importer(815301076,1909f56bfc062723c751e8b465ee728b)
Start importing Assets/Vertical 2D Shooting BE4/Readme.asset using Guid(6ac5469e80d7f7f4e9a960ddeb8cd922) Importer(815301076,1909f56bfc062723c751e8b465ee728b)  -> (artifact id: 'a8fb751bdd187647988357c489636b62') in 0.030604 seconds 
  Import took 0.035124 seconds .

========================================================================
Received Import Request.
  Time since last request: 0.000220 seconds.
  path: Assets/Vertical 2D Shooting BE4/App Icon.png
  artifactKey: Guid(2f881f504ddde4446afae55fb6b5d6f8) Importer(815301076,1909f56bfc062723c751e8b465ee728b)
Start importing Assets/Vertical 2D Shooting BE4/App Icon.png using Guid(2f881f504ddde4446afae55fb6b5d6f8) Importer(815301076,1909f56bfc062723c751e8b465ee728b)  -> (artifact id: 'aa8dfc161a942a2b47af2c97a671308d') in 0.082604 seconds 
  Import took 0.085998 seconds .

========================================================================
Received Import Request.
  Time since last request: 4.865189 seconds.
  path: Assets/Bullet.prefab
  artifactKey: Guid(c79fa3ac5c9e0b24c81af84d2d31c4b4) Importer(815301076,1909f56bfc062723c751e8b465ee728b)
Start importing Assets/Bullet.prefab using Guid(c79fa3ac5c9e0b24c81af84d2d31c4b4) Importer(815301076,1909f56bfc062723c751e8b465ee728b)  -> (artifact id: '1547e0a22e6baa1e648bdb4a733b0925') in 0.039128 seconds 
  Import took 0.043288 seconds .

========================================================================
Received Import Request.
  Time since last request: 0.000428 seconds.
  path: Assets/Explosion.prefab
  artifactKey: Guid(fd5b33d5ad048104db886c27e1e6050e) Importer(815301076,1909f56bfc062723c751e8b465ee728b)
Start importing Assets/Explosion.prefab using Guid(fd5b33d5ad048104db886c27e1e6050e) Importer(815301076,1909f56bfc062723c751e8b465ee728b)  -> (artifact id: 'c8710a1e3dae3494b6199bc811681595') in 0.026180 seconds 
  Import took 0.031151 seconds .

========================================================================
Received Import Request.
  Time since last request: 51.163482 seconds.
  path: Assets/Prefabs
  artifactKey: Guid(d2ca87f853cb34a4ba2462e467043f63) Importer(815301076,1909f56bfc062723c751e8b465ee728b)
Start importing Assets/Prefabs using Guid(d2ca87f853cb34a4ba2462e467043f63) Importer(815301076,1909f56bfc062723c751e8b465ee728b)  -> (artifact id: '93bf83b215f07901936a615d098bedf9') in 0.002107 seconds 
  Import took 0.006074 seconds .

========================================================================
Received Import Request.
  Time since last request: 0.124778 seconds.
  path: Assets/Prefabs/pfHealthBar.prefab
  artifactKey: Guid(73ca9b6dd40f4854ba32cba490a61683) Importer(815301076,1909f56bfc062723c751e8b465ee728b)
Start importing Assets/Prefabs/pfHealthBar.prefab using Guid(73ca9b6dd40f4854ba32cba490a61683) Importer(815301076,1909f56bfc062723c751e8b465ee728b)  -> (artifact id: '73defbedf176d263d744954a45764f0c') in 0.010370 seconds 
  Import took 0.015426 seconds .

========================================================================
Received Import Request.
  Time since last request: 9.433992 seconds.
  path: Assets/Prefabs/HealthPosion.prefab
  artifactKey: Guid(264032e60a804284f886b239688d6af8) Importer(815301076,1909f56bfc062723c751e8b465ee728b)
Start importing Assets/Prefabs/HealthPosion.prefab using Guid(264032e60a804284f886b239688d6af8) Importer(815301076,1909f56bfc062723c751e8b465ee728b)  -> (artifact id: 'c3b70e924614d4b1856fef0c7b25de78') in 0.006171 seconds 
  Import took 0.011588 seconds .

========================================================================
Received Import Request.
  Time since last request: 0.000265 seconds.
  path: Assets/Prefabs/SpeedPosion.prefab
  artifactKey: Guid(7b4cf5eba8d50ba4cbb67423d955880c) Importer(815301076,1909f56bfc062723c751e8b465ee728b)
Start importing Assets/Prefabs/SpeedPosion.prefab using Guid(7b4cf5eba8d50ba4cbb67423d955880c) Importer(815301076,1909f56bfc062723c751e8b465ee728b)  -> (artifact id: 'bf9e3e417d6c70342361c67a8ab03db9') in 0.004604 seconds 
  Import took 0.007705 seconds .

========================================================================
Received Import Request.
  Time since last request: 0.000272 seconds.
  path: Assets/Prefabs/wall.prefab
  artifactKey: Guid(a3d37b71f4985d343ab71c0f4d1e1a48) Importer(815301076,1909f56bfc062723c751e8b465ee728b)
Start importing Assets/Prefabs/wall.prefab using Guid(a3d37b71f4985d343ab71c0f4d1e1a48) Importer(815301076,1909f56bfc062723c751e8b465ee728b)  -> (artifact id: '3942f209e0e0a0b15f6ba0e3e76fe328') in 0.010751 seconds 
  Import took 0.015549 seconds .

========================================================================
Received Prepare
Registering precompiled user dll's ...
Registered in 0.006217 seconds.
Begin MonoManager ReloadAssembly
Native extension for WindowsStandalone target not found
Native extension for WebGL target not found
Refreshing native plugins compatible for Editor in 0.55 ms, found 3 plugins.
Preloading 0 native plugins for Editor in 0.00 ms.
Mono: successfully reloaded assembly
- Completed reload, in  0.942 seconds
Domain Reload Profiling:
	ReloadAssembly (943ms)
		BeginReloadAssembly (124ms)
			ExecutionOrderSort (0ms)
			DisableScriptedObjects (5ms)
			BackupInstance (0ms)
			ReleaseScriptingObjects (0ms)
			CreateAndSetChildDomain (45ms)
		EndReloadAssembly (755ms)
			LoadAssemblies (86ms)
			RebuildTransferFunctionScriptingTraits (0ms)
			SetupTypeCache (264ms)
			ReleaseScriptCaches (1ms)
			RebuildScriptCaches (38ms)
			SetupLoadedEditorAssemblies (280ms)
				LogAssemblyErrors (0ms)
				InitializePlatformSupportModulesInManaged (6ms)
				SetLoadedEditorAssemblies (1ms)
				RefreshPlugins (1ms)
				BeforeProcessingInitializeOnLoad (71ms)
				ProcessInitializeOnLoadAttributes (186ms)
				ProcessInitializeOnLoadMethodAttributes (10ms)
				AfterProcessingInitializeOnLoad (6ms)
				EditorAssembliesLoaded (0ms)
			ExecutionOrderSort2 (0ms)
			AwakeInstancesAfterBackupRestoration (7ms)
Platform modules already initialized, skipping
Refreshing native plugins compatible for Editor in 0.54 ms, found 3 plugins.
Preloading 0 native plugins for Editor in 0.00 ms.
Unloading 2193 Unused Serialized files (Serialized files now loaded: 0)
System memory in use before: 99.2 MB.
System memory in use after: 99.3 MB.

Unloading 17 unused Assets to reduce memory usage. Loaded Objects now: 2649.
Total: 3.365400 ms (FindLiveObjects: 0.286600 ms CreateObjectMapping: 0.101500 ms MarkObjects: 2.953900 ms  DeleteObjects: 0.021700 ms)

AssetImportParameters requested are different than current active one (requested -> active):
  custom:framework-win-MediaFoundation: 216162199b28c13a410421893ffa2e32 -> 
  custom:video-decoder-ogg-theora: a1e56fd34408186e4bbccfd4996cb3dc -> 
  custom:container-muxer-webm: aa71ff27fc2769a1b78a27578f13a17b -> 
  custom:container-demuxer-webm: 4f35f7cbe854078d1ac9338744f61a02 -> 
  custom:container-demuxer-ogg: 62fdf1f143b41e24485cea50d1cbac27 -> 
  custom:video-encoder-webm-vp8: eb34c28f22e8b96e1ab97ce403110664 -> 
  custom:video-decoder-webm-vp8: 9c59270c3fd7afecdb556c50c9e8de78 -> 
  custom:audio-decoder-ogg-vorbis: bf7c407c2cedff20999df2af8eb42d56 -> 
  custom:audio-encoder-webm-vorbis: bf7c407c2cedff20999df2af8eb42d56 -> 
========================================================================
Received Prepare
Registering precompiled user dll's ...
Registered in 0.004184 seconds.
Begin MonoManager ReloadAssembly
Native extension for WindowsStandalone target not found
Native extension for WebGL target not found
Refreshing native plugins compatible for Editor in 0.54 ms, found 3 plugins.
Preloading 0 native plugins for Editor in 0.00 ms.
Mono: successfully reloaded assembly
- Completed reload, in  0.954 seconds
Domain Reload Profiling:
	ReloadAssembly (954ms)
		BeginReloadAssembly (119ms)
			ExecutionOrderSort (0ms)
			DisableScriptedObjects (5ms)
			BackupInstance (0ms)
			ReleaseScriptingObjects (0ms)
			CreateAndSetChildDomain (42ms)
		EndReloadAssembly (772ms)
			LoadAssemblies (82ms)
			RebuildTransferFunctionScriptingTraits (0ms)
			SetupTypeCache (272ms)
			ReleaseScriptCaches (1ms)
			RebuildScriptCaches (40ms)
			SetupLoadedEditorAssemblies (285ms)
				LogAssemblyErrors (0ms)
				InitializePlatformSupportModulesInManaged (5ms)
				SetLoadedEditorAssemblies (0ms)
				RefreshPlugins (1ms)
				BeforeProcessingInitializeOnLoad (71ms)
				ProcessInitializeOnLoadAttributes (191ms)
				ProcessInitializeOnLoadMethodAttributes (10ms)
				AfterProcessingInitializeOnLoad (7ms)
				EditorAssembliesLoaded (0ms)
			ExecutionOrderSort2 (0ms)
			AwakeInstancesAfterBackupRestoration (8ms)
Platform modules already initialized, skipping
Refreshing native plugins compatible for Editor in 0.54 ms, found 3 plugins.
Preloading 0 native plugins for Editor in 0.00 ms.
Unloading 2194 Unused Serialized files (Serialized files now loaded: 0)
System memory in use before: 99.2 MB.
System memory in use after: 99.4 MB.

Unloading 17 unused Assets to reduce memory usage. Loaded Objects now: 2652.
Total: 3.914300 ms (FindLiveObjects: 0.244600 ms CreateObjectMapping: 0.098300 ms MarkObjects: 3.551100 ms  DeleteObjects: 0.018500 ms)

AssetImportParameters requested are different than current active one (requested -> active):
  custom:framework-win-MediaFoundation: 216162199b28c13a410421893ffa2e32 -> 
  custom:video-decoder-ogg-theora: a1e56fd34408186e4bbccfd4996cb3dc -> 
  custom:container-muxer-webm: aa71ff27fc2769a1b78a27578f13a17b -> 
  custom:container-demuxer-webm: 4f35f7cbe854078d1ac9338744f61a02 -> 
  custom:container-demuxer-ogg: 62fdf1f143b41e24485cea50d1cbac27 -> 
  custom:video-encoder-webm-vp8: eb34c28f22e8b96e1ab97ce403110664 -> 
  custom:video-decoder-webm-vp8: 9c59270c3fd7afecdb556c50c9e8de78 -> 
  custom:audio-decoder-ogg-vorbis: bf7c407c2cedff20999df2af8eb42d56 -> 
  custom:audio-encoder-webm-vorbis: bf7c407c2cedff20999df2af8eb42d56 -> 
========================================================================
Received Import Request.
  Time since last request: 31.062238 seconds.
  path: Assets/Player.cs
  artifactKey: Guid(7978da3207573344d8a5b5862cbc8925) Importer(815301076,1909f56bfc062723c751e8b465ee728b)
Start importing Assets/Player.cs using Guid(7978da3207573344d8a5b5862cbc8925) Importer(815301076,1909f56bfc062723c751e8b465ee728b)  -> (artifact id: 'cef544d292f1f720f6b1c7869d3ea7ad') in 0.009084 seconds 
  Import took 0.013212 seconds .

========================================================================
Received Prepare
Registering precompiled user dll's ...
Registered in 0.008198 seconds.
Begin MonoManager ReloadAssembly
Native extension for WindowsStandalone target not found
Native extension for WebGL target not found
Refreshing native plugins compatible for Editor in 0.54 ms, found 3 plugins.
Preloading 0 native plugins for Editor in 0.00 ms.
Mono: successfully reloaded assembly
- Completed reload, in  0.952 seconds
Domain Reload Profiling:
	ReloadAssembly (953ms)
		BeginReloadAssembly (112ms)
			ExecutionOrderSort (0ms)
			DisableScriptedObjects (5ms)
			BackupInstance (0ms)
			ReleaseScriptingObjects (0ms)
			CreateAndSetChildDomain (34ms)
		EndReloadAssembly (782ms)
			LoadAssemblies (84ms)
			RebuildTransferFunctionScriptingTraits (0ms)
			SetupTypeCache (272ms)
			ReleaseScriptCaches (1ms)
			RebuildScriptCaches (42ms)
			SetupLoadedEditorAssemblies (290ms)
				LogAssemblyErrors (0ms)
				InitializePlatformSupportModulesInManaged (5ms)
				SetLoadedEditorAssemblies (0ms)
				RefreshPlugins (1ms)
				BeforeProcessingInitializeOnLoad (69ms)
				ProcessInitializeOnLoadAttributes (198ms)
				ProcessInitializeOnLoadMethodAttributes (10ms)
				AfterProcessingInitializeOnLoad (7ms)
				EditorAssembliesLoaded (0ms)
			ExecutionOrderSort2 (0ms)
			AwakeInstancesAfterBackupRestoration (9ms)
Platform modules already initialized, skipping
Refreshing native plugins compatible for Editor in 0.54 ms, found 3 plugins.
Preloading 0 native plugins for Editor in 0.00 ms.
Unloading 2194 Unused Serialized files (Serialized files now loaded: 0)
System memory in use before: 99.3 MB.
System memory in use after: 99.4 MB.

Unloading 17 unused Assets to reduce memory usage. Loaded Objects now: 2654.
Total: 3.915400 ms (FindLiveObjects: 0.253400 ms CreateObjectMapping: 0.103400 ms MarkObjects: 3.535300 ms  DeleteObjects: 0.021500 ms)

AssetImportParameters requested are different than current active one (requested -> active):
  custom:framework-win-MediaFoundation: 216162199b28c13a410421893ffa2e32 -> 
  custom:video-decoder-ogg-theora: a1e56fd34408186e4bbccfd4996cb3dc -> 
  custom:container-muxer-webm: aa71ff27fc2769a1b78a27578f13a17b -> 
  custom:container-demuxer-webm: 4f35f7cbe854078d1ac9338744f61a02 -> 
  custom:container-demuxer-ogg: 62fdf1f143b41e24485cea50d1cbac27 -> 
  custom:video-encoder-webm-vp8: eb34c28f22e8b96e1ab97ce403110664 -> 
  custom:video-decoder-webm-vp8: 9c59270c3fd7afecdb556c50c9e8de78 -> 
  custom:audio-decoder-ogg-vorbis: bf7c407c2cedff20999df2af8eb42d56 -> 
  custom:audio-encoder-webm-vorbis: bf7c407c2cedff20999df2af8eb42d56 -> 
========================================================================
Received Import Request.
  Time since last request: 43.976412 seconds.
  path: Assets/Player.cs
  artifactKey: Guid(7978da3207573344d8a5b5862cbc8925) Importer(815301076,1909f56bfc062723c751e8b465ee728b)
Start importing Assets/Player.cs using Guid(7978da3207573344d8a5b5862cbc8925) Importer(815301076,1909f56bfc062723c751e8b465ee728b)  -> (artifact id: '3ffcd940c020accd88304c8d6311e1d8') in 0.005654 seconds 
  Import took 0.008827 seconds .

========================================================================
Received Import Request.
  Time since last request: 5.437323 seconds.
  path: Assets/GameHandler.cs
  artifactKey: Guid(52330cf29495f244a8e11893ee3aa7f0) Importer(815301076,1909f56bfc062723c751e8b465ee728b)
Start importing Assets/GameHandler.cs using Guid(52330cf29495f244a8e11893ee3aa7f0) Importer(815301076,1909f56bfc062723c751e8b465ee728b)  -> (artifact id: '80eb23b8f6f0afb91c4e1791527217ba') in 0.002514 seconds 
  Import took 0.010126 seconds .

========================================================================
Received Prepare
Registering precompiled user dll's ...
Registered in 0.004030 seconds.
Begin MonoManager ReloadAssembly
Native extension for WindowsStandalone target not found
Native extension for WebGL target not found
Refreshing native plugins compatible for Editor in 0.55 ms, found 3 plugins.
Preloading 0 native plugins for Editor in 0.00 ms.
Mono: successfully reloaded assembly
- Completed reload, in  0.970 seconds
Domain Reload Profiling:
	ReloadAssembly (970ms)
		BeginReloadAssembly (114ms)
			ExecutionOrderSort (0ms)
			DisableScriptedObjects (5ms)
			BackupInstance (0ms)
			ReleaseScriptingObjects (0ms)
			CreateAndSetChildDomain (35ms)
		EndReloadAssembly (795ms)
			LoadAssemblies (92ms)
			RebuildTransferFunctionScriptingTraits (0ms)
			SetupTypeCache (273ms)
			ReleaseScriptCaches (1ms)
			RebuildScriptCaches (42ms)
			SetupLoadedEditorAssemblies (287ms)
				LogAssemblyErrors (0ms)
				InitializePlatformSupportModulesInManaged (5ms)
				SetLoadedEditorAssemblies (1ms)
				RefreshPlugins (1ms)
				BeforeProcessingInitializeOnLoad (73ms)
				ProcessInitializeOnLoadAttributes (190ms)
				ProcessInitializeOnLoadMethodAttributes (10ms)
				AfterProcessingInitializeOnLoad (8ms)
				EditorAssembliesLoaded (0ms)
			ExecutionOrderSort2 (0ms)
			AwakeInstancesAfterBackupRestoration (8ms)
Platform modules already initialized, skipping
Refreshing native plugins compatible for Editor in 0.65 ms, found 3 plugins.
Preloading 0 native plugins for Editor in 0.00 ms.
Unloading 2194 Unused Serialized files (Serialized files now loaded: 0)
System memory in use before: 99.3 MB.
System memory in use after: 99.4 MB.

Unloading 17 unused Assets to reduce memory usage. Loaded Objects now: 2656.
Total: 3.750900 ms (FindLiveObjects: 0.245900 ms CreateObjectMapping: 0.057200 ms MarkObjects: 3.418300 ms  DeleteObjects: 0.027700 ms)

AssetImportParameters requested are different than current active one (requested -> active):
  custom:framework-win-MediaFoundation: 216162199b28c13a410421893ffa2e32 -> 
  custom:video-decoder-ogg-theora: a1e56fd34408186e4bbccfd4996cb3dc -> 
  custom:container-muxer-webm: aa71ff27fc2769a1b78a27578f13a17b -> 
  custom:container-demuxer-webm: 4f35f7cbe854078d1ac9338744f61a02 -> 
  custom:container-demuxer-ogg: 62fdf1f143b41e24485cea50d1cbac27 -> 
  custom:video-encoder-webm-vp8: eb34c28f22e8b96e1ab97ce403110664 -> 
  custom:video-decoder-webm-vp8: 9c59270c3fd7afecdb556c50c9e8de78 -> 
  custom:audio-decoder-ogg-vorbis: bf7c407c2cedff20999df2af8eb42d56 -> 
  custom:audio-encoder-webm-vorbis: bf7c407c2cedff20999df2af8eb42d56 -> 
========================================================================
Received Import Request.
  Time since last request: 22.762368 seconds.
  path: Assets/GameHandler.cs
  artifactKey: Guid(52330cf29495f244a8e11893ee3aa7f0) Importer(815301076,1909f56bfc062723c751e8b465ee728b)
Start importing Assets/GameHandler.cs using Guid(52330cf29495f244a8e11893ee3aa7f0) Importer(815301076,1909f56bfc062723c751e8b465ee728b)  -> (artifact id: '30eb3589490f126941ca91a74701d908') in 0.005341 seconds 
  Import took 0.009113 seconds .

========================================================================
Received Import Request.
  Time since last request: 7.871235 seconds.
  path: Assets/DestroyPosion.cs
  artifactKey: Guid(932fa9f1907bb7a4a8129ffe5bbd4cdf) Importer(815301076,1909f56bfc062723c751e8b465ee728b)
Start importing Assets/DestroyPosion.cs using Guid(932fa9f1907bb7a4a8129ffe5bbd4cdf) Importer(815301076,1909f56bfc062723c751e8b465ee728b)  -> (artifact id: 'ffd521a31371fba110cebab44efe92b3') in 0.002846 seconds 
  Import took 0.009175 seconds .

========================================================================
Received Import Request.
  Time since last request: 0.032638 seconds.
  path: Assets/Bullet.cs
  artifactKey: Guid(15828a0bf1a73fc45afd6e8b7e33d059) Importer(815301076,1909f56bfc062723c751e8b465ee728b)
Start importing Assets/Bullet.cs using Guid(15828a0bf1a73fc45afd6e8b7e33d059) Importer(815301076,1909f56bfc062723c751e8b465ee728b)  -> (artifact id: '0da9dab72fc4bf672650ae910942b140') in 0.002335 seconds 
  Import took 0.006368 seconds .

========================================================================
Received Prepare
Registering precompiled user dll's ...
Registered in 0.004129 seconds.
Begin MonoManager ReloadAssembly
Native extension for WindowsStandalone target not found
Native extension for WebGL target not found
Refreshing native plugins compatible for Editor in 0.54 ms, found 3 plugins.
Preloading 0 native plugins for Editor in 0.00 ms.
Mono: successfully reloaded assembly
- Completed reload, in  0.932 seconds
Domain Reload Profiling:
	ReloadAssembly (932ms)
		BeginReloadAssembly (107ms)
			ExecutionOrderSort (0ms)
			DisableScriptedObjects (6ms)
			BackupInstance (0ms)
			ReleaseScriptingObjects (0ms)
			CreateAndSetChildDomain (34ms)
		EndReloadAssembly (762ms)
			LoadAssemblies (78ms)
			RebuildTransferFunctionScriptingTraits (0ms)
			SetupTypeCache (260ms)
			ReleaseScriptCaches (1ms)
			RebuildScriptCaches (41ms)
			SetupLoadedEditorAssemblies (285ms)
				LogAssemblyErrors (0ms)
				InitializePlatformSupportModulesInManaged (6ms)
				SetLoadedEditorAssemblies (0ms)
				RefreshPlugins (1ms)
				BeforeProcessingInitializeOnLoad (70ms)
				ProcessInitializeOnLoadAttributes (192ms)
				ProcessInitializeOnLoadMethodAttributes (10ms)
				AfterProcessingInitializeOnLoad (6ms)
				EditorAssembliesLoaded (0ms)
			ExecutionOrderSort2 (0ms)
			AwakeInstancesAfterBackupRestoration (8ms)
Platform modules already initialized, skipping
Refreshing native plugins compatible for Editor in 0.53 ms, found 3 plugins.
Preloading 0 native plugins for Editor in 0.00 ms.
Unloading 2194 Unused Serialized files (Serialized files now loaded: 0)
System memory in use before: 99.3 MB.
System memory in use after: 99.4 MB.

Unloading 17 unused Assets to reduce memory usage. Loaded Objects now: 2658.
Total: 3.259800 ms (FindLiveObjects: 0.256200 ms CreateObjectMapping: 0.100000 ms MarkObjects: 2.881200 ms  DeleteObjects: 0.020300 ms)

AssetImportParameters requested are different than current active one (requested -> active):
  custom:framework-win-MediaFoundation: 216162199b28c13a410421893ffa2e32 -> 
  custom:video-decoder-ogg-theora: a1e56fd34408186e4bbccfd4996cb3dc -> 
  custom:container-muxer-webm: aa71ff27fc2769a1b78a27578f13a17b -> 
  custom:container-demuxer-webm: 4f35f7cbe854078d1ac9338744f61a02 -> 
  custom:container-demuxer-ogg: 62fdf1f143b41e24485cea50d1cbac27 -> 
  custom:video-encoder-webm-vp8: eb34c28f22e8b96e1ab97ce403110664 -> 
  custom:video-decoder-webm-vp8: 9c59270c3fd7afecdb556c50c9e8de78 -> 
  custom:audio-decoder-ogg-vorbis: bf7c407c2cedff20999df2af8eb42d56 -> 
  custom:audio-encoder-webm-vorbis: bf7c407c2cedff20999df2af8eb42d56 -> 
========================================================================
Received Import Request.
  Time since last request: 20.631047 seconds.
  path: Assets/Bullet.cs
  artifactKey: Guid(15828a0bf1a73fc45afd6e8b7e33d059) Importer(815301076,1909f56bfc062723c751e8b465ee728b)
Start importing Assets/Bullet.cs using Guid(15828a0bf1a73fc45afd6e8b7e33d059) Importer(815301076,1909f56bfc062723c751e8b465ee728b)  -> (artifact id: 'bd98e0217f0034b2b16426eef13a2cc8') in 0.005484 seconds 
  Import took 0.009267 seconds .

========================================================================
Received Prepare
Registering precompiled user dll's ...
Registered in 0.004028 seconds.
Begin MonoManager ReloadAssembly
Native extension for WindowsStandalone target not found
Native extension for WebGL target not found
Refreshing native plugins compatible for Editor in 0.60 ms, found 3 plugins.
Preloading 0 native plugins for Editor in 0.00 ms.
Mono: successfully reloaded assembly
- Completed reload, in  0.939 seconds
Domain Reload Profiling:
	ReloadAssembly (940ms)
		BeginReloadAssembly (112ms)
			ExecutionOrderSort (0ms)
			DisableScriptedObjects (5ms)
			BackupInstance (0ms)
			ReleaseScriptingObjects (0ms)
			CreateAndSetChildDomain (32ms)
		EndReloadAssembly (771ms)
			LoadAssemblies (80ms)
			RebuildTransferFunctionScriptingTraits (0ms)
			SetupTypeCache (257ms)
			ReleaseScriptCaches (1ms)
			RebuildScriptCaches (41ms)
			SetupLoadedEditorAssemblies (282ms)
				LogAssemblyErrors (0ms)
				InitializePlatformSupportModulesInManaged (7ms)
				SetLoadedEditorAssemblies (1ms)
				RefreshPlugins (1ms)
				BeforeProcessingInitializeOnLoad (67ms)
				ProcessInitializeOnLoadAttributes (191ms)
				ProcessInitializeOnLoadMethodAttributes (10ms)
				AfterProcessingInitializeOnLoad (6ms)
				EditorAssembliesLoaded (0ms)
			ExecutionOrderSort2 (0ms)
			AwakeInstancesAfterBackupRestoration (8ms)
Platform modules already initialized, skipping
Refreshing native plugins compatible for Editor in 0.54 ms, found 3 plugins.
Preloading 0 native plugins for Editor in 0.00 ms.
Unloading 2194 Unused Serialized files (Serialized files now loaded: 0)
System memory in use before: 99.4 MB.
System memory in use after: 99.5 MB.

Unloading 17 unused Assets to reduce memory usage. Loaded Objects now: 2660.
Total: 3.325000 ms (FindLiveObjects: 0.253900 ms CreateObjectMapping: 0.100500 ms MarkObjects: 2.945300 ms  DeleteObjects: 0.023500 ms)

AssetImportParameters requested are different than current active one (requested -> active):
  custom:framework-win-MediaFoundation: 216162199b28c13a410421893ffa2e32 -> 
  custom:video-decoder-ogg-theora: a1e56fd34408186e4bbccfd4996cb3dc -> 
  custom:container-muxer-webm: aa71ff27fc2769a1b78a27578f13a17b -> 
  custom:container-demuxer-webm: 4f35f7cbe854078d1ac9338744f61a02 -> 
  custom:container-demuxer-ogg: 62fdf1f143b41e24485cea50d1cbac27 -> 
  custom:video-encoder-webm-vp8: eb34c28f22e8b96e1ab97ce403110664 -> 
  custom:video-decoder-webm-vp8: 9c59270c3fd7afecdb556c50c9e8de78 -> 
  custom:audio-decoder-ogg-vorbis: bf7c407c2cedff20999df2af8eb42d56 -> 
  custom:audio-encoder-webm-vorbis: bf7c407c2cedff20999df2af8eb42d56 -> 
========================================================================
Received Import Request.
  Time since last request: 169.340787 seconds.
  path: Assets/Prefabs/SpeedPosion 1.prefab
  artifactKey: Guid(af1ebabe983a0bc4ca76244e5c3d6e37) Importer(815301076,1909f56bfc062723c751e8b465ee728b)
Start importing Assets/Prefabs/SpeedPosion 1.prefab using Guid(af1ebabe983a0bc4ca76244e5c3d6e37) Importer(815301076,1909f56bfc062723c751e8b465ee728b)  -> (artifact id: 'a216fb9fbb294d7e716b35c4feca37a0') in 0.024017 seconds 
  Import took 0.030052 seconds .

========================================================================
Received Import Request.
  Time since last request: 112.380799 seconds.
  path: Assets/Vertical 2D Shooting BE4/Sprites/Background Grid.png
  artifactKey: Guid(116f5946c869de149b064ad08c6b7e42) Importer(815301076,1909f56bfc062723c751e8b465ee728b)
Start importing Assets/Vertical 2D Shooting BE4/Sprites/Background Grid.png using Guid(116f5946c869de149b064ad08c6b7e42) Importer(815301076,1909f56bfc062723c751e8b465ee728b)  -> (artifact id: '5ecb9388af695fd7efd3fdc28c075f34') in 0.035928 seconds 
  Import took 0.039825 seconds .

========================================================================
Received Import Request.
  Time since last request: 0.000345 seconds.
  path: Assets/Backyard - Free/backyard.png
  artifactKey: Guid(01842c69a0801d74382f6f4ed41ec4bf) Importer(815301076,1909f56bfc062723c751e8b465ee728b)
Start importing Assets/Backyard - Free/backyard.png using Guid(01842c69a0801d74382f6f4ed41ec4bf) Importer(815301076,1909f56bfc062723c751e8b465ee728b)  -> (artifact id: '9cd7adbfadda8cb482321ae9ed9cc1ad') in 0.291483 seconds 
  Import took 0.296097 seconds .

========================================================================
Received Import Request.
  Time since last request: 0.000268 seconds.
  path: Assets/Backyard - Free/Separate Tiles/backyard_00.png
  artifactKey: Guid(c347206643c0d514294fd0eb5d4d3496) Importer(815301076,1909f56bfc062723c751e8b465ee728b)
Start importing Assets/Backyard - Free/Separate Tiles/backyard_00.png using Guid(c347206643c0d514294fd0eb5d4d3496) Importer(815301076,1909f56bfc062723c751e8b465ee728b)  -> (artifact id: '4b3ed6939ca87e9bbbb8996b354a5fd2') in 0.011389 seconds 
  Import took 0.016165 seconds .

========================================================================
Received Import Request.
  Time since last request: 0.000359 seconds.
  path: Assets/Backyard - Free/Separate Tiles/backyard_02.png
  artifactKey: Guid(2c18d1813288f694d9da137955f8ac7b) Importer(815301076,1909f56bfc062723c751e8b465ee728b)
Start importing Assets/Backyard - Free/Separate Tiles/backyard_02.png using Guid(2c18d1813288f694d9da137955f8ac7b) Importer(815301076,1909f56bfc062723c751e8b465ee728b)  -> (artifact id: '096949de2a8696cc2d69e233a03fbf84') in 0.014648 seconds 
  Import took 0.018976 seconds .

========================================================================
Received Import Request.
  Time since last request: 0.000318 seconds.
  path: Assets/Backyard - Free/Separate Tiles/backyard_01.png
  artifactKey: Guid(ee39e822105b4f149b76ad27abe4c2ad) Importer(815301076,1909f56bfc062723c751e8b465ee728b)
Start importing Assets/Backyard - Free/Separate Tiles/backyard_01.png using Guid(ee39e822105b4f149b76ad27abe4c2ad) Importer(815301076,1909f56bfc062723c751e8b465ee728b)  -> (artifact id: '64d212f7a0f513a3303e764d8a2aea7a') in 0.014775 seconds 
  Import took 0.019245 seconds .

========================================================================
Received Import Request.
  Time since last request: 0.835342 seconds.
  path: Assets/Backyard - Free/Separate Tiles/backyard_03.png
  artifactKey: Guid(582f4e4c048160f4b8eff8c6f952d9e5) Importer(815301076,1909f56bfc062723c751e8b465ee728b)
Start importing Assets/Backyard - Free/Separate Tiles/backyard_03.png using Guid(582f4e4c048160f4b8eff8c6f952d9e5) Importer(815301076,1909f56bfc062723c751e8b465ee728b)  -> (artifact id: 'c09fc7f4982fbd14b2aa039542c1eace') in 0.012018 seconds 
  Import took 0.016515 seconds .

========================================================================
Received Import Request.
  Time since last request: 0.352822 seconds.
  path: Assets/Backyard - Free/Separate Tiles/backyard_04.png
  artifactKey: Guid(af91ea933b5621c4096f217ecfed268b) Importer(815301076,1909f56bfc062723c751e8b465ee728b)
Start importing Assets/Backyard - Free/Separate Tiles/backyard_04.png using Guid(af91ea933b5621c4096f217ecfed268b) Importer(815301076,1909f56bfc062723c751e8b465ee728b)  -> (artifact id: '503fa9da771fc039f574d05b4f0d8a36') in 0.012466 seconds 
  Import took 0.017070 seconds .

========================================================================
Received Import Request.
  Time since last request: 0.023600 seconds.
  path: Assets/Backyard - Free/Separate Tiles/backyard_05.png
  artifactKey: Guid(3173b0d7c57b66641b25fb5cd893ecc5) Importer(815301076,1909f56bfc062723c751e8b465ee728b)
Start importing Assets/Backyard - Free/Separate Tiles/backyard_05.png using Guid(3173b0d7c57b66641b25fb5cd893ecc5) Importer(815301076,1909f56bfc062723c751e8b465ee728b)  -> (artifact id: '33f7b27900f43da50a59c22e67235c0d') in 0.013409 seconds 
  Import took 0.017061 seconds .

========================================================================
Received Import Request.
  Time since last request: 0.253245 seconds.
  path: Assets/Backyard - Free/Separate Tiles/backyard_06.png
  artifactKey: Guid(bda03a3f77787084fb60f39270eb0ae5) Importer(815301076,1909f56bfc062723c751e8b465ee728b)
Start importing Assets/Backyard - Free/Separate Tiles/backyard_06.png using Guid(bda03a3f77787084fb60f39270eb0ae5) Importer(815301076,1909f56bfc062723c751e8b465ee728b)  -> (artifact id: '0b21e3e4e565cbdcc7f83ad7d50ee3d2') in 0.012048 seconds 
  Import took 0.016193 seconds .

========================================================================
Received Import Request.
  Time since last request: 0.000294 seconds.
  path: Assets/Backyard - Free/Separate Tiles/backyard_07.png
  artifactKey: Guid(34efda7e0c5c3ce42a32f432b99d23f3) Importer(815301076,1909f56bfc062723c751e8b465ee728b)
Start importing Assets/Backyard - Free/Separate Tiles/backyard_07.png using Guid(34efda7e0c5c3ce42a32f432b99d23f3) Importer(815301076,1909f56bfc062723c751e8b465ee728b)  -> (artifact id: 'b29c1842caf828fdae04ae396206653d') in 0.012291 seconds 
  Import took 0.016905 seconds .

========================================================================
Received Import Request.
  Time since last request: 0.027589 seconds.
  path: Assets/Backyard - Free/Separate Tiles/backyard_08.png
  artifactKey: Guid(cd4b9e5d5e4660345a592a3519575b75) Importer(815301076,1909f56bfc062723c751e8b465ee728b)
Start importing Assets/Backyard - Free/Separate Tiles/backyard_08.png using Guid(cd4b9e5d5e4660345a592a3519575b75) Importer(815301076,1909f56bfc062723c751e8b465ee728b)  -> (artifact id: '2c38e83fd1ec1c1492878e920ccc30a3') in 0.012547 seconds 
  Import took 0.017552 seconds .

========================================================================
Received Import Request.
  Time since last request: 0.234843 seconds.
  path: Assets/Backyard - Free/Separate Tiles/backyard_09.png
  artifactKey: Guid(d7aa5d4e4508d8f4a9a23867b772fcc3) Importer(815301076,1909f56bfc062723c751e8b465ee728b)
Start importing Assets/Backyard - Free/Separate Tiles/backyard_09.png using Guid(d7aa5d4e4508d8f4a9a23867b772fcc3) Importer(815301076,1909f56bfc062723c751e8b465ee728b)  -> (artifact id: 'cf95e01a34a9485ab6f63e2cbb075055') in 0.012118 seconds 
  Import took 0.016969 seconds .

========================================================================
Received Import Request.
  Time since last request: 0.022206 seconds.
  path: Assets/Backyard - Free/Separate Tiles/backyard_10.png
  artifactKey: Guid(abc41e6a37abfe447bd7940b10ada078) Importer(815301076,1909f56bfc062723c751e8b465ee728b)
Start importing Assets/Backyard - Free/Separate Tiles/backyard_10.png using Guid(abc41e6a37abfe447bd7940b10ada078) Importer(815301076,1909f56bfc062723c751e8b465ee728b)  -> (artifact id: '2edf61abfdd1ab3f629f534d2f820316') in 0.014202 seconds 
  Import took 0.019298 seconds .

========================================================================
Received Import Request.
  Time since last request: 0.000322 seconds.
  path: Assets/Backyard - Free/Separate Tiles/backyard_11.png
  artifactKey: Guid(ea1c3cc273e5e3d498a66216e63667b3) Importer(815301076,1909f56bfc062723c751e8b465ee728b)
Start importing Assets/Backyard - Free/Separate Tiles/backyard_11.png using Guid(ea1c3cc273e5e3d498a66216e63667b3) Importer(815301076,1909f56bfc062723c751e8b465ee728b)  -> (artifact id: '73e1b416a457329074d41a95ba857d69') in 0.011611 seconds 
  Import took 0.015753 seconds .

========================================================================
Received Import Request.
  Time since last request: 18.312472 seconds.
  path: Assets/Sprites
  artifactKey: Guid(d6a179ca3367de949a3cf6791a52e0c1) Importer(815301076,1909f56bfc062723c751e8b465ee728b)
Start importing Assets/Sprites using Guid(d6a179ca3367de949a3cf6791a52e0c1) Importer(815301076,1909f56bfc062723c751e8b465ee728b)  -> (artifact id: '67c7686dc253624e8ca8aa2c7969d4fa') in 0.002342 seconds 
  Import took 0.006686 seconds .

========================================================================
Received Import Request.
  Time since last request: 19.581453 seconds.
  path: Assets/Vertical 2D Shooting BE4
  artifactKey: Guid(588eb5331b2495d4388bcdb6c2cd954a) Importer(815301076,1909f56bfc062723c751e8b465ee728b)
Start importing Assets/Vertical 2D Shooting BE4 using Guid(588eb5331b2495d4388bcdb6c2cd954a) Importer(815301076,1909f56bfc062723c751e8b465ee728b)  -> (artifact id: '6e46c5556729197a465ab8638a4d01a8') in 0.003910 seconds 
  Import took 0.009836 seconds .

========================================================================
Received Import Request.
  Time since last request: 1.804364 seconds.
  path: Assets/Vertical 2D Shooting BE4/Sprites
  artifactKey: Guid(d1fb3afc6cd8a4248b60a02bf126467a) Importer(815301076,1909f56bfc062723c751e8b465ee728b)
Start importing Assets/Vertical 2D Shooting BE4/Sprites using Guid(d1fb3afc6cd8a4248b60a02bf126467a) Importer(815301076,1909f56bfc062723c751e8b465ee728b)  -> (artifact id: 'b9f2dfe918998b66847f83a9370341cd') in 0.003218 seconds 
  Import took 0.009987 seconds .

========================================================================
Received Import Request.
  Time since last request: 0.079187 seconds.
  path: Assets/Vertical 2D Shooting BE4/Sprites/1x1_white.prefab
  artifactKey: Guid(9fcdd687ca0611145ba31ff84838315c) Importer(815301076,1909f56bfc062723c751e8b465ee728b)
Start importing Assets/Vertical 2D Shooting BE4/Sprites/1x1_white.prefab using Guid(9fcdd687ca0611145ba31ff84838315c) Importer(815301076,1909f56bfc062723c751e8b465ee728b)  -> (artifact id: 'e8215ab8e01191af85d16f4db483fe26') in 0.027076 seconds 
  Import took 0.031400 seconds .

========================================================================
Received Import Request.
  Time since last request: 0.000289 seconds.
  path: Assets/Vertical 2D Shooting BE4/Sprites/Player.png
  artifactKey: Guid(6520dda4a70dfbf40a55b7af39ecda4e) Importer(815301076,1909f56bfc062723c751e8b465ee728b)
Start importing Assets/Vertical 2D Shooting BE4/Sprites/Player.png using Guid(6520dda4a70dfbf40a55b7af39ecda4e) Importer(815301076,1909f56bfc062723c751e8b465ee728b)  -> (artifact id: '074e52fdbedebfb5de528b230cbd6087') in 0.049280 seconds 
  Import took 0.053087 seconds .

========================================================================
Received Import Request.
  Time since last request: 0.000267 seconds.
  path: Assets/Vertical 2D Shooting BE4/Sprites/Explosion.png
  artifactKey: Guid(54eba9c24be4c474180c23dcccfd6630) Importer(815301076,1909f56bfc062723c751e8b465ee728b)
Start importing Assets/Vertical 2D Shooting BE4/Sprites/Explosion.png using Guid(54eba9c24be4c474180c23dcccfd6630) Importer(815301076,1909f56bfc062723c751e8b465ee728b)  -> (artifact id: '4593f292489c431827fb8590ae439128') in 0.032063 seconds 
  Import took 0.035146 seconds .

========================================================================
Received Import Request.
  Time since last request: 0.000308 seconds.
  path: Assets/Vertical 2D Shooting BE4/Sprites/Backgrounds.png
  artifactKey: Guid(b9889a1e8a548d844b46bee7287797f8) Importer(815301076,1909f56bfc062723c751e8b465ee728b)
Start importing Assets/Vertical 2D Shooting BE4/Sprites/Backgrounds.png using Guid(b9889a1e8a548d844b46bee7287797f8) Importer(815301076,1909f56bfc062723c751e8b465ee728b)  -> (artifact id: '5e395840be92c7e2b0fe395bbeb48223') in 0.030553 seconds 
  Import took 0.033576 seconds .

========================================================================
Received Import Request.
  Time since last request: 0.000312 seconds.
  path: Assets/Vertical 2D Shooting BE4/Sprites/death.prefab
  artifactKey: Guid(f0e74289d2faab049b5008314a1c485e) Importer(815301076,1909f56bfc062723c751e8b465ee728b)
Start importing Assets/Vertical 2D Shooting BE4/Sprites/death.prefab using Guid(f0e74289d2faab049b5008314a1c485e) Importer(815301076,1909f56bfc062723c751e8b465ee728b)  -> (artifact id: '0e4b41a8058af12487f50ddcae6eb5de') in 0.016967 seconds 
  Import took 0.021288 seconds .

========================================================================
Received Import Request.
  Time since last request: 0.000294 seconds.
  path: Assets/Vertical 2D Shooting BE4/Sprites/Bullets.png
  artifactKey: Guid(5547e92425a5b584ba72bba3566474f0) Importer(815301076,1909f56bfc062723c751e8b465ee728b)
Start importing Assets/Vertical 2D Shooting BE4/Sprites/Bullets.png using Guid(5547e92425a5b584ba72bba3566474f0) Importer(815301076,1909f56bfc062723c751e8b465ee728b)  -> (artifact id: '4f2e69f72403cba8205efaa2e1c9cd82') in 0.036343 seconds 
  Import took 0.039551 seconds .

========================================================================
Received Import Request.
  Time since last request: 0.000298 seconds.
  path: Assets/Vertical 2D Shooting BE4/Sprites/Fade Black.png
  artifactKey: Guid(d66ea73d2b9d0a042817ebbe8a328b2a) Importer(815301076,1909f56bfc062723c751e8b465ee728b)
Start importing Assets/Vertical 2D Shooting BE4/Sprites/Fade Black.png using Guid(d66ea73d2b9d0a042817ebbe8a328b2a) Importer(815301076,1909f56bfc062723c751e8b465ee728b)  -> (artifact id: 'f58b1f9ed800c183cddcd9e5e9e4a294') in 0.016780 seconds 
  Import took 0.021299 seconds .

========================================================================
Received Import Request.
  Time since last request: 0.000327 seconds.
  path: Assets/Vertical 2D Shooting BE4/Sprites/Enemies.png
  artifactKey: Guid(138040323294fd440a3a823e5d70ad01) Importer(815301076,1909f56bfc062723c751e8b465ee728b)
Start importing Assets/Vertical 2D Shooting BE4/Sprites/Enemies.png using Guid(138040323294fd440a3a823e5d70ad01) Importer(815301076,1909f56bfc062723c751e8b465ee728b)  -> (artifact id: 'f3dd929d1bb3ae53eabc8068aac92207') in 0.053902 seconds 
  Import took 0.058129 seconds .

========================================================================
Received Import Request.
  Time since last request: 0.000361 seconds.
  path: Assets/Vertical 2D Shooting BE4/Sprites/Items.png
  artifactKey: Guid(606e3127513c6c74d852755e18a67337) Importer(815301076,1909f56bfc062723c751e8b465ee728b)
Start importing Assets/Vertical 2D Shooting BE4/Sprites/Items.png using Guid(606e3127513c6c74d852755e18a67337) Importer(815301076,1909f56bfc062723c751e8b465ee728b)  -> (artifact id: '425d3eb0bf570afb22f96e7946dc1e0d') in 0.078210 seconds 
  Import took 0.081724 seconds .

========================================================================
Received Import Request.
  Time since last request: 0.000357 seconds.
  path: Assets/Vertical 2D Shooting BE4/Sprites/white_block.png
  artifactKey: Guid(4a15af00cf06cb843a236bcce6514a0d) Importer(815301076,1909f56bfc062723c751e8b465ee728b)
Start importing Assets/Vertical 2D Shooting BE4/Sprites/white_block.png using Guid(4a15af00cf06cb843a236bcce6514a0d) Importer(815301076,1909f56bfc062723c751e8b465ee728b)  -> (artifact id: 'c1a236e5f6a5adaa3ca824715bbf6820') in 0.012815 seconds 
  Import took 0.017203 seconds .

========================================================================
Received Import Request.
  Time since last request: 0.000744 seconds.
  path: Assets/Vertical 2D Shooting BE4/Sprites/1x1_white_block.prefab
  artifactKey: Guid(75f90c2405335054ab2f7ec48835ea0b) Importer(815301076,1909f56bfc062723c751e8b465ee728b)
Start importing Assets/Vertical 2D Shooting BE4/Sprites/1x1_white_block.prefab using Guid(75f90c2405335054ab2f7ec48835ea0b) Importer(815301076,1909f56bfc062723c751e8b465ee728b)  -> (artifact id: '18fca2a1596cc37ea46a745fe87da8cb') in 0.011476 seconds 
  Import took 0.017411 seconds .

========================================================================
Received Import Request.
  Time since last request: 0.000611 seconds.
  path: Assets/Vertical 2D Shooting BE4/Sprites/Boom.png
  artifactKey: Guid(1b274654f1967224e892dc9c7c1f2625) Importer(815301076,1909f56bfc062723c751e8b465ee728b)
Start importing Assets/Vertical 2D Shooting BE4/Sprites/Boom.png using Guid(1b274654f1967224e892dc9c7c1f2625) Importer(815301076,1909f56bfc062723c751e8b465ee728b)  -> (artifact id: '9e945e4eb40a5778537a12ffeb6b42c1') in 0.024502 seconds 
  Import took 0.029618 seconds .

========================================================================
Received Import Request.
  Time since last request: 0.000240 seconds.
  path: Assets/Vertical 2D Shooting BE4/Sprites/User Interface.png
  artifactKey: Guid(6875e9ca69087ec4782ba183e2643e08) Importer(815301076,1909f56bfc062723c751e8b465ee728b)
Start importing Assets/Vertical 2D Shooting BE4/Sprites/User Interface.png using Guid(6875e9ca69087ec4782ba183e2643e08) Importer(815301076,1909f56bfc062723c751e8b465ee728b)  -> (artifact id: 'a69e4ea1589d7823a4c9d51c42121693') in 0.029864 seconds 
  Import took 0.033081 seconds .

========================================================================
Received Import Request.
  Time since last request: 5.987784 seconds.
  path: Assets/Backyard - Free
  artifactKey: Guid(3f315bf708d23e34e9cddc0d6f185be9) Importer(815301076,1909f56bfc062723c751e8b465ee728b)
Start importing Assets/Backyard - Free using Guid(3f315bf708d23e34e9cddc0d6f185be9) Importer(815301076,1909f56bfc062723c751e8b465ee728b)  -> (artifact id: 'afff141c54599e1702e02e423117d496') in 0.003684 seconds 
  Import took 0.010538 seconds .

========================================================================
Received Import Request.
  Time since last request: 0.081458 seconds.
  path: Assets/Backyard - Free/sample_ground.png
  artifactKey: Guid(554eb3f7771ceeb4ca590c856d92dbca) Importer(815301076,1909f56bfc062723c751e8b465ee728b)
Start importing Assets/Backyard - Free/sample_ground.png using Guid(554eb3f7771ceeb4ca590c856d92dbca) Importer(815301076,1909f56bfc062723c751e8b465ee728b)  -> (artifact id: '6953facf4d05e428dc1f730a2e293beb') in 0.030104 seconds 
  Import took 0.033856 seconds .

========================================================================
Received Prepare
Registering precompiled user dll's ...
Registered in 0.004442 seconds.
Begin MonoManager ReloadAssembly
Native extension for WindowsStandalone target not found
Native extension for WebGL target not found
Refreshing native plugins compatible for Editor in 0.54 ms, found 3 plugins.
Preloading 0 native plugins for Editor in 0.00 ms.
Mono: successfully reloaded assembly
- Completed reload, in  0.927 seconds
Domain Reload Profiling:
	ReloadAssembly (927ms)
		BeginReloadAssembly (104ms)
			ExecutionOrderSort (0ms)
			DisableScriptedObjects (5ms)
			BackupInstance (0ms)
			ReleaseScriptingObjects (0ms)
			CreateAndSetChildDomain (34ms)
		EndReloadAssembly (766ms)
			LoadAssemblies (78ms)
			RebuildTransferFunctionScriptingTraits (0ms)
			SetupTypeCache (259ms)
			ReleaseScriptCaches (1ms)
			RebuildScriptCaches (41ms)
			SetupLoadedEditorAssemblies (276ms)
				LogAssemblyErrors (0ms)
				InitializePlatformSupportModulesInManaged (5ms)
				SetLoadedEditorAssemblies (0ms)
				RefreshPlugins (1ms)
				BeforeProcessingInitializeOnLoad (67ms)
				ProcessInitializeOnLoadAttributes (186ms)
				ProcessInitializeOnLoadMethodAttributes (11ms)
				AfterProcessingInitializeOnLoad (6ms)
				EditorAssembliesLoaded (0ms)
			ExecutionOrderSort2 (0ms)
			AwakeInstancesAfterBackupRestoration (8ms)
Platform modules already initialized, skipping
Refreshing native plugins compatible for Editor in 0.56 ms, found 3 plugins.
Preloading 0 native plugins for Editor in 0.00 ms.
Unloading 2194 Unused Serialized files (Serialized files now loaded: 0)
System memory in use before: 99.7 MB.
System memory in use after: 99.9 MB.

Unloading 17 unused Assets to reduce memory usage. Loaded Objects now: 2717.
Total: 4.195400 ms (FindLiveObjects: 0.263200 ms CreateObjectMapping: 0.064300 ms MarkObjects: 3.842900 ms  DeleteObjects: 0.022700 ms)

AssetImportParameters requested are different than current active one (requested -> active):
  custom:framework-win-MediaFoundation: 216162199b28c13a410421893ffa2e32 -> 
  custom:video-decoder-ogg-theora: a1e56fd34408186e4bbccfd4996cb3dc -> 
  custom:container-muxer-webm: aa71ff27fc2769a1b78a27578f13a17b -> 
  custom:container-demuxer-webm: 4f35f7cbe854078d1ac9338744f61a02 -> 
  custom:container-demuxer-ogg: 62fdf1f143b41e24485cea50d1cbac27 -> 
  custom:video-encoder-webm-vp8: eb34c28f22e8b96e1ab97ce403110664 -> 
  custom:video-decoder-webm-vp8: 9c59270c3fd7afecdb556c50c9e8de78 -> 
  custom:audio-decoder-ogg-vorbis: bf7c407c2cedff20999df2af8eb42d56 -> 
  custom:audio-encoder-webm-vorbis: bf7c407c2cedff20999df2af8eb42d56 -> 
========================================================================
Received Import Request.
  Time since last request: 262.001216 seconds.
  path: Assets/113 2D Item Icon Pack
  artifactKey: Guid(f8dc8edc5a1654ff48e6717f9d4d04a7) Importer(815301076,1909f56bfc062723c751e8b465ee728b)
Start importing Assets/113 2D Item Icon Pack using Guid(f8dc8edc5a1654ff48e6717f9d4d04a7) Importer(815301076,1909f56bfc062723c751e8b465ee728b)  -> (artifact id: 'd59f9b68b2652129031c36bdb14243ca') in 0.007434 seconds 
  Import took 0.011888 seconds .

========================================================================
Received Import Request.
  Time since last request: 0.926797 seconds.
  path: Assets/113 2D Item Icon Pack/Sprite
  artifactKey: Guid(a4af51c98f9604bd4967d783efa6bf6d) Importer(815301076,1909f56bfc062723c751e8b465ee728b)
Start importing Assets/113 2D Item Icon Pack/Sprite using Guid(a4af51c98f9604bd4967d783efa6bf6d) Importer(815301076,1909f56bfc062723c751e8b465ee728b)  -> (artifact id: '6a616c9386e57aabaca1d8e6da2372f1') in 0.003362 seconds 
  Import took 0.010797 seconds .

========================================================================
Received Import Request.
  Time since last request: 0.068949 seconds.
  path: Assets/113 2D Item Icon Pack/Sprite/Elixir.png
  artifactKey: Guid(f80d62402a1934f6485720a5d98d600a) Importer(815301076,1909f56bfc062723c751e8b465ee728b)
Start importing Assets/113 2D Item Icon Pack/Sprite/Elixir.png using Guid(f80d62402a1934f6485720a5d98d600a) Importer(815301076,1909f56bfc062723c751e8b465ee728b)  -> (artifact id: '5cc027ba372bc68c4c8781b4b0c01361') in 0.047620 seconds 
  Import took 0.053265 seconds .

========================================================================
Received Import Request.
  Time since last request: 0.000291 seconds.
  path: Assets/113 2D Item Icon Pack/Sprite/OblivionPotion.png
  artifactKey: Guid(f968827812fe04383ae1f660560652d0) Importer(815301076,1909f56bfc062723c751e8b465ee728b)
Start importing Assets/113 2D Item Icon Pack/Sprite/OblivionPotion.png using Guid(f968827812fe04383ae1f660560652d0) Importer(815301076,1909f56bfc062723c751e8b465ee728b)  -> (artifact id: '94fdbfd6b60e7e125de4691cd4fa8873') in 0.013361 seconds 
  Import took 0.017480 seconds .

========================================================================
Received Import Request.
  Time since last request: 84.025303 seconds.
  path: Assets/Scenes
  artifactKey: Guid(37b412aafcbfd1441aa715887db44354) Importer(815301076,1909f56bfc062723c751e8b465ee728b)
Start importing Assets/Scenes using Guid(37b412aafcbfd1441aa715887db44354) Importer(815301076,1909f56bfc062723c751e8b465ee728b)  -> (artifact id: '61fd5267ee4af250a0ddf37fe9e8cfc4') in 0.004854 seconds 
  Import took 0.009141 seconds .

========================================================================
Received Prepare
Registering precompiled user dll's ...
Registered in 0.005223 seconds.
Begin MonoManager ReloadAssembly
Native extension for WindowsStandalone target not found
Native extension for WebGL target not found
Refreshing native plugins compatible for Editor in 0.55 ms, found 3 plugins.
Preloading 0 native plugins for Editor in 0.00 ms.
Mono: successfully reloaded assembly
- Completed reload, in  0.922 seconds
Domain Reload Profiling:
	ReloadAssembly (923ms)
		BeginReloadAssembly (106ms)
			ExecutionOrderSort (0ms)
			DisableScriptedObjects (5ms)
			BackupInstance (0ms)
			ReleaseScriptingObjects (0ms)
			CreateAndSetChildDomain (37ms)
		EndReloadAssembly (752ms)
			LoadAssemblies (81ms)
			RebuildTransferFunctionScriptingTraits (0ms)
			SetupTypeCache (262ms)
			ReleaseScriptCaches (1ms)
			RebuildScriptCaches (40ms)
			SetupLoadedEditorAssemblies (275ms)
				LogAssemblyErrors (0ms)
				InitializePlatformSupportModulesInManaged (5ms)
				SetLoadedEditorAssemblies (0ms)
				RefreshPlugins (1ms)
				BeforeProcessingInitializeOnLoad (71ms)
				ProcessInitializeOnLoadAttributes (181ms)
				ProcessInitializeOnLoadMethodAttributes (11ms)
				AfterProcessingInitializeOnLoad (6ms)
				EditorAssembliesLoaded (0ms)
			ExecutionOrderSort2 (0ms)
			AwakeInstancesAfterBackupRestoration (8ms)
Platform modules already initialized, skipping
Refreshing native plugins compatible for Editor in 0.54 ms, found 3 plugins.
Preloading 0 native plugins for Editor in 0.00 ms.
Unloading 2194 Unused Serialized files (Serialized files now loaded: 0)
System memory in use before: 99.7 MB.
System memory in use after: 99.9 MB.

Unloading 17 unused Assets to reduce memory usage. Loaded Objects now: 2722.
Total: 3.496600 ms (FindLiveObjects: 0.284900 ms CreateObjectMapping: 0.106000 ms MarkObjects: 3.082300 ms  DeleteObjects: 0.021800 ms)

AssetImportParameters requested are different than current active one (requested -> active):
  custom:framework-win-MediaFoundation: 216162199b28c13a410421893ffa2e32 -> 
  custom:video-decoder-ogg-theora: a1e56fd34408186e4bbccfd4996cb3dc -> 
  custom:container-muxer-webm: aa71ff27fc2769a1b78a27578f13a17b -> 
  custom:container-demuxer-webm: 4f35f7cbe854078d1ac9338744f61a02 -> 
  custom:container-demuxer-ogg: 62fdf1f143b41e24485cea50d1cbac27 -> 
  custom:video-encoder-webm-vp8: eb34c28f22e8b96e1ab97ce403110664 -> 
  custom:video-decoder-webm-vp8: 9c59270c3fd7afecdb556c50c9e8de78 -> 
  custom:audio-decoder-ogg-vorbis: bf7c407c2cedff20999df2af8eb42d56 -> 
  custom:audio-encoder-webm-vorbis: bf7c407c2cedff20999df2af8eb42d56 -> 
========================================================================
Received Import Request.
  Time since last request: 113.515330 seconds.
  path: Assets/Prefabs/HealthPotion.prefab
  artifactKey: Guid(da9781230d38e2a4cb53f718dba02b62) Importer(815301076,1909f56bfc062723c751e8b465ee728b)
Start importing Assets/Prefabs/HealthPotion.prefab using Guid(da9781230d38e2a4cb53f718dba02b62) Importer(815301076,1909f56bfc062723c751e8b465ee728b)  -> (artifact id: '2976af46cdf0d66d2894fd65d967c031') in 0.056932 seconds 
  Import took 0.061812 seconds .

========================================================================
Received Import Request.
  Time since last request: 2.301446 seconds.
  path: Assets/Prefabs/SpeedPotion.prefab
  artifactKey: Guid(b9c0161bbb8c02e45b80d3a325adb492) Importer(815301076,1909f56bfc062723c751e8b465ee728b)
Start importing Assets/Prefabs/SpeedPotion.prefab using Guid(b9c0161bbb8c02e45b80d3a325adb492) Importer(815301076,1909f56bfc062723c751e8b465ee728b)  -> (artifact id: 'b81335f79b869319df7054d3bb949b94') in 0.013756 seconds 
  Import took 0.018198 seconds .

========================================================================
Received Prepare
Registering precompiled user dll's ...
Registered in 0.004191 seconds.
Begin MonoManager ReloadAssembly
Native extension for WindowsStandalone target not found
Native extension for WebGL target not found
Refreshing native plugins compatible for Editor in 0.55 ms, found 3 plugins.
Preloading 0 native plugins for Editor in 0.00 ms.
Mono: successfully reloaded assembly
- Completed reload, in  0.947 seconds
Domain Reload Profiling:
	ReloadAssembly (948ms)
		BeginReloadAssembly (106ms)
			ExecutionOrderSort (0ms)
			DisableScriptedObjects (5ms)
			BackupInstance (0ms)
			ReleaseScriptingObjects (0ms)
			CreateAndSetChildDomain (33ms)
		EndReloadAssembly (782ms)
			LoadAssemblies (82ms)
			RebuildTransferFunctionScriptingTraits (0ms)
			SetupTypeCache (272ms)
			ReleaseScriptCaches (1ms)
			RebuildScriptCaches (45ms)
			SetupLoadedEditorAssemblies (282ms)
				LogAssemblyErrors (0ms)
				InitializePlatformSupportModulesInManaged (5ms)
				SetLoadedEditorAssemblies (0ms)
				RefreshPlugins (1ms)
				BeforeProcessingInitializeOnLoad (71ms)
				ProcessInitializeOnLoadAttributes (186ms)
				ProcessInitializeOnLoadMethodAttributes (10ms)
				AfterProcessingInitializeOnLoad (9ms)
				EditorAssembliesLoaded (0ms)
			ExecutionOrderSort2 (0ms)
			AwakeInstancesAfterBackupRestoration (8ms)
Platform modules already initialized, skipping
Refreshing native plugins compatible for Editor in 0.54 ms, found 3 plugins.
Preloading 0 native plugins for Editor in 0.00 ms.
Unloading 2194 Unused Serialized files (Serialized files now loaded: 0)
System memory in use before: 99.7 MB.
System memory in use after: 100.0 MB.

Unloading 17 unused Assets to reduce memory usage. Loaded Objects now: 2725.
Total: 3.941300 ms (FindLiveObjects: 0.275300 ms CreateObjectMapping: 0.112400 ms MarkObjects: 3.531600 ms  DeleteObjects: 0.020400 ms)

AssetImportParameters requested are different than current active one (requested -> active):
  custom:framework-win-MediaFoundation: 216162199b28c13a410421893ffa2e32 -> 
  custom:video-decoder-ogg-theora: a1e56fd34408186e4bbccfd4996cb3dc -> 
  custom:container-muxer-webm: aa71ff27fc2769a1b78a27578f13a17b -> 
  custom:container-demuxer-webm: 4f35f7cbe854078d1ac9338744f61a02 -> 
  custom:container-demuxer-ogg: 62fdf1f143b41e24485cea50d1cbac27 -> 
  custom:video-encoder-webm-vp8: eb34c28f22e8b96e1ab97ce403110664 -> 
  custom:video-decoder-webm-vp8: 9c59270c3fd7afecdb556c50c9e8de78 -> 
  custom:audio-decoder-ogg-vorbis: bf7c407c2cedff20999df2af8eb42d56 -> 
  custom:audio-encoder-webm-vorbis: bf7c407c2cedff20999df2af8eb42d56 -> 
========================================================================
Received Import Request.
  Time since last request: 85.095280 seconds.
  path: Assets/Prefabs/Spawn.prefab
  artifactKey: Guid(59897c55c8397be4d97a5ee7bdc86179) Importer(815301076,1909f56bfc062723c751e8b465ee728b)
Start importing Assets/Prefabs/Spawn.prefab using Guid(59897c55c8397be4d97a5ee7bdc86179) Importer(815301076,1909f56bfc062723c751e8b465ee728b)  -> (artifact id: 'c58bd27df181e9c0fd72b9901ee5d76e') in 0.026153 seconds 
  Import took 0.032588 seconds .

========================================================================
Received Prepare
Registering precompiled user dll's ...
Registered in 0.004214 seconds.
Begin MonoManager ReloadAssembly
Native extension for WindowsStandalone target not found
Native extension for WebGL target not found
Refreshing native plugins compatible for Editor in 0.59 ms, found 3 plugins.
Preloading 0 native plugins for Editor in 0.00 ms.
Mono: successfully reloaded assembly
- Completed reload, in  0.927 seconds
Domain Reload Profiling:
	ReloadAssembly (928ms)
		BeginReloadAssembly (98ms)
			ExecutionOrderSort (0ms)
			DisableScriptedObjects (6ms)
			BackupInstance (0ms)
			ReleaseScriptingObjects (0ms)
			CreateAndSetChildDomain (31ms)
		EndReloadAssembly (770ms)
			LoadAssemblies (77ms)
			RebuildTransferFunctionScriptingTraits (0ms)
			SetupTypeCache (259ms)
			ReleaseScriptCaches (1ms)
			RebuildScriptCaches (39ms)
			SetupLoadedEditorAssemblies (300ms)
				LogAssemblyErrors (0ms)
				InitializePlatformSupportModulesInManaged (6ms)
				SetLoadedEditorAssemblies (1ms)
				RefreshPlugins (1ms)
				BeforeProcessingInitializeOnLoad (80ms)
				ProcessInitializeOnLoadAttributes (197ms)
				ProcessInitializeOnLoadMethodAttributes (10ms)
				AfterProcessingInitializeOnLoad (7ms)
				EditorAssembliesLoaded (0ms)
			ExecutionOrderSort2 (0ms)
			AwakeInstancesAfterBackupRestoration (8ms)
Platform modules already initialized, skipping
Refreshing native plugins compatible for Editor in 0.56 ms, found 3 plugins.
Preloading 0 native plugins for Editor in 0.00 ms.
Unloading 2194 Unused Serialized files (Serialized files now loaded: 0)
System memory in use before: 99.7 MB.
System memory in use after: 100.0 MB.

Unloading 17 unused Assets to reduce memory usage. Loaded Objects now: 2727.
Total: 3.684800 ms (FindLiveObjects: 0.280900 ms CreateObjectMapping: 0.108500 ms MarkObjects: 3.271500 ms  DeleteObjects: 0.022300 ms)

AssetImportParameters requested are different than current active one (requested -> active):
  custom:framework-win-MediaFoundation: 216162199b28c13a410421893ffa2e32 -> 
  custom:video-decoder-ogg-theora: a1e56fd34408186e4bbccfd4996cb3dc -> 
  custom:container-muxer-webm: aa71ff27fc2769a1b78a27578f13a17b -> 
  custom:container-demuxer-webm: 4f35f7cbe854078d1ac9338744f61a02 -> 
  custom:container-demuxer-ogg: 62fdf1f143b41e24485cea50d1cbac27 -> 
  custom:video-encoder-webm-vp8: eb34c28f22e8b96e1ab97ce403110664 -> 
  custom:video-decoder-webm-vp8: 9c59270c3fd7afecdb556c50c9e8de78 -> 
  custom:audio-decoder-ogg-vorbis: bf7c407c2cedff20999df2af8eb42d56 -> 
  custom:audio-encoder-webm-vorbis: bf7c407c2cedff20999df2af8eb42d56 -> 
========================================================================
Received Prepare
Registering precompiled user dll's ...
Registered in 0.004648 seconds.
Begin MonoManager ReloadAssembly
Native extension for WindowsStandalone target not found
Native extension for WebGL target not found
Refreshing native plugins compatible for Editor in 0.57 ms, found 3 plugins.
Preloading 0 native plugins for Editor in 0.00 ms.
Mono: successfully reloaded assembly
- Completed reload, in  0.923 seconds
Domain Reload Profiling:
	ReloadAssembly (924ms)
		BeginReloadAssembly (101ms)
			ExecutionOrderSort (0ms)
			DisableScriptedObjects (5ms)
			BackupInstance (0ms)
			ReleaseScriptingObjects (0ms)
			CreateAndSetChildDomain (32ms)
		EndReloadAssembly (764ms)
			LoadAssemblies (78ms)
			RebuildTransferFunctionScriptingTraits (0ms)
			SetupTypeCache (263ms)
			ReleaseScriptCaches (1ms)
			RebuildScriptCaches (41ms)
			SetupLoadedEditorAssemblies (284ms)
				LogAssemblyErrors (0ms)
				InitializePlatformSupportModulesInManaged (6ms)
				SetLoadedEditorAssemblies (0ms)
				RefreshPlugins (1ms)
				BeforeProcessingInitializeOnLoad (73ms)
				ProcessInitializeOnLoadAttributes (186ms)
				ProcessInitializeOnLoadMethodAttributes (11ms)
				AfterProcessingInitializeOnLoad (7ms)
				EditorAssembliesLoaded (0ms)
			ExecutionOrderSort2 (0ms)
			AwakeInstancesAfterBackupRestoration (8ms)
Platform modules already initialized, skipping
Refreshing native plugins compatible for Editor in 0.54 ms, found 3 plugins.
Preloading 0 native plugins for Editor in 0.00 ms.
Unloading 2194 Unused Serialized files (Serialized files now loaded: 0)
System memory in use before: 99.8 MB.
System memory in use after: 100.0 MB.

Unloading 17 unused Assets to reduce memory usage. Loaded Objects now: 2729.
Total: 4.054600 ms (FindLiveObjects: 0.375200 ms CreateObjectMapping: 0.150600 ms MarkObjects: 3.506700 ms  DeleteObjects: 0.020400 ms)

AssetImportParameters requested are different than current active one (requested -> active):
  custom:framework-win-MediaFoundation: 216162199b28c13a410421893ffa2e32 -> 
  custom:video-decoder-ogg-theora: a1e56fd34408186e4bbccfd4996cb3dc -> 
  custom:container-muxer-webm: aa71ff27fc2769a1b78a27578f13a17b -> 
  custom:container-demuxer-webm: 4f35f7cbe854078d1ac9338744f61a02 -> 
  custom:container-demuxer-ogg: 62fdf1f143b41e24485cea50d1cbac27 -> 
  custom:video-encoder-webm-vp8: eb34c28f22e8b96e1ab97ce403110664 -> 
  custom:video-decoder-webm-vp8: 9c59270c3fd7afecdb556c50c9e8de78 -> 
  custom:audio-decoder-ogg-vorbis: bf7c407c2cedff20999df2af8eb42d56 -> 
  custom:audio-encoder-webm-vorbis: bf7c407c2cedff20999df2af8eb42d56 -> 
========================================================================
Received Prepare
Registering precompiled user dll's ...
Registered in 0.004596 seconds.
Begin MonoManager ReloadAssembly
Native extension for WindowsStandalone target not found
Native extension for WebGL target not found
Refreshing native plugins compatible for Editor in 0.59 ms, found 3 plugins.
Preloading 0 native plugins for Editor in 0.00 ms.
Mono: successfully reloaded assembly
- Completed reload, in  1.004 seconds
Domain Reload Profiling:
	ReloadAssembly (1004ms)
		BeginReloadAssembly (108ms)
			ExecutionOrderSort (0ms)
			DisableScriptedObjects (5ms)
			BackupInstance (0ms)
			ReleaseScriptingObjects (0ms)
			CreateAndSetChildDomain (31ms)
		EndReloadAssembly (839ms)
			LoadAssemblies (78ms)
			RebuildTransferFunctionScriptingTraits (0ms)
			SetupTypeCache (332ms)
			ReleaseScriptCaches (2ms)
			RebuildScriptCaches (49ms)
			SetupLoadedEditorAssemblies (282ms)
				LogAssemblyErrors (0ms)
				InitializePlatformSupportModulesInManaged (5ms)
				SetLoadedEditorAssemblies (1ms)
				RefreshPlugins (1ms)
				BeforeProcessingInitializeOnLoad (74ms)
				ProcessInitializeOnLoadAttributes (185ms)
				ProcessInitializeOnLoadMethodAttributes (9ms)
				AfterProcessingInitializeOnLoad (7ms)
				EditorAssembliesLoaded (0ms)
			ExecutionOrderSort2 (0ms)
			AwakeInstancesAfterBackupRestoration (8ms)
Platform modules already initialized, skipping
Refreshing native plugins compatible for Editor in 0.54 ms, found 3 plugins.
Preloading 0 native plugins for Editor in 0.00 ms.
Unloading 2194 Unused Serialized files (Serialized files now loaded: 0)
System memory in use before: 99.8 MB.
System memory in use after: 100.0 MB.

Unloading 17 unused Assets to reduce memory usage. Loaded Objects now: 2731.
Total: 3.975600 ms (FindLiveObjects: 0.286500 ms CreateObjectMapping: 0.144300 ms MarkObjects: 3.519700 ms  DeleteObjects: 0.023400 ms)

AssetImportParameters requested are different than current active one (requested -> active):
  custom:framework-win-MediaFoundation: 216162199b28c13a410421893ffa2e32 -> 
  custom:video-decoder-ogg-theora: a1e56fd34408186e4bbccfd4996cb3dc -> 
  custom:container-muxer-webm: aa71ff27fc2769a1b78a27578f13a17b -> 
  custom:container-demuxer-webm: 4f35f7cbe854078d1ac9338744f61a02 -> 
  custom:container-demuxer-ogg: 62fdf1f143b41e24485cea50d1cbac27 -> 
  custom:video-encoder-webm-vp8: eb34c28f22e8b96e1ab97ce403110664 -> 
  custom:video-decoder-webm-vp8: 9c59270c3fd7afecdb556c50c9e8de78 -> 
  custom:audio-decoder-ogg-vorbis: bf7c407c2cedff20999df2af8eb42d56 -> 
  custom:audio-encoder-webm-vorbis: bf7c407c2cedff20999df2af8eb42d56 -> 
========================================================================
Received Import Request.
  Time since last request: 125.811215 seconds.
  path: Assets/RandomSpawner.cs
  artifactKey: Guid(c0d1c355f53868940903f45d4d433a9f) Importer(815301076,1909f56bfc062723c751e8b465ee728b)
Start importing Assets/RandomSpawner.cs using Guid(c0d1c355f53868940903f45d4d433a9f) Importer(815301076,1909f56bfc062723c751e8b465ee728b)  -> (artifact id: 'c5db717b4ee493623795c8fb104123c0') in 0.007557 seconds 
  Import took 0.011678 seconds .

========================================================================
Received Import Request.
  Time since last request: 74.106909 seconds.
  path: Assets/RandomSpawner.cs
  artifactKey: Guid(c0d1c355f53868940903f45d4d433a9f) Importer(815301076,1909f56bfc062723c751e8b465ee728b)
Start importing Assets/RandomSpawner.cs using Guid(c0d1c355f53868940903f45d4d433a9f) Importer(815301076,1909f56bfc062723c751e8b465ee728b)  -> (artifact id: '0c4f7a0e90422a8b5d32f82b47ab3b36') in 0.004949 seconds 
  Import took 0.011190 seconds .

========================================================================
Received Prepare
Registering precompiled user dll's ...
Registered in 0.005241 seconds.
Begin MonoManager ReloadAssembly
Native extension for WindowsStandalone target not found
Native extension for WebGL target not found
Refreshing native plugins compatible for Editor in 0.54 ms, found 3 plugins.
Preloading 0 native plugins for Editor in 0.00 ms.
Mono: successfully reloaded assembly
- Completed reload, in  0.917 seconds
Domain Reload Profiling:
	ReloadAssembly (917ms)
		BeginReloadAssembly (104ms)
			ExecutionOrderSort (0ms)
			DisableScriptedObjects (5ms)
			BackupInstance (0ms)
			ReleaseScriptingObjects (0ms)
			CreateAndSetChildDomain (31ms)
		EndReloadAssembly (752ms)
			LoadAssemblies (82ms)
			RebuildTransferFunctionScriptingTraits (0ms)
			SetupTypeCache (248ms)
			ReleaseScriptCaches (1ms)
			RebuildScriptCaches (40ms)
			SetupLoadedEditorAssemblies (288ms)
				LogAssemblyErrors (0ms)
				InitializePlatformSupportModulesInManaged (7ms)
				SetLoadedEditorAssemblies (1ms)
				RefreshPlugins (1ms)
				BeforeProcessingInitializeOnLoad (77ms)
				ProcessInitializeOnLoadAttributes (187ms)
				ProcessInitializeOnLoadMethodAttributes (10ms)
				AfterProcessingInitializeOnLoad (6ms)
				EditorAssembliesLoaded (0ms)
			ExecutionOrderSort2 (0ms)
			AwakeInstancesAfterBackupRestoration (8ms)
Platform modules already initialized, skipping
Refreshing native plugins compatible for Editor in 0.54 ms, found 3 plugins.
Preloading 0 native plugins for Editor in 0.00 ms.
Unloading 2194 Unused Serialized files (Serialized files now loaded: 0)
System memory in use before: 99.8 MB.
System memory in use after: 100.0 MB.

Unloading 17 unused Assets to reduce memory usage. Loaded Objects now: 2733.
Total: 3.750300 ms (FindLiveObjects: 0.280600 ms CreateObjectMapping: 0.109400 ms MarkObjects: 3.335700 ms  DeleteObjects: 0.023100 ms)

AssetImportParameters requested are different than current active one (requested -> active):
  custom:framework-win-MediaFoundation: 216162199b28c13a410421893ffa2e32 -> 
  custom:video-decoder-ogg-theora: a1e56fd34408186e4bbccfd4996cb3dc -> 
  custom:container-muxer-webm: aa71ff27fc2769a1b78a27578f13a17b -> 
  custom:container-demuxer-webm: 4f35f7cbe854078d1ac9338744f61a02 -> 
  custom:container-demuxer-ogg: 62fdf1f143b41e24485cea50d1cbac27 -> 
  custom:video-encoder-webm-vp8: eb34c28f22e8b96e1ab97ce403110664 -> 
  custom:video-decoder-webm-vp8: 9c59270c3fd7afecdb556c50c9e8de78 -> 
  custom:audio-decoder-ogg-vorbis: bf7c407c2cedff20999df2af8eb42d56 -> 
  custom:audio-encoder-webm-vorbis: bf7c407c2cedff20999df2af8eb42d56 -> 
========================================================================
Received Import Request.
  Time since last request: 25.598489 seconds.
  path: Assets/RandomSpawner.cs
  artifactKey: Guid(c0d1c355f53868940903f45d4d433a9f) Importer(815301076,1909f56bfc062723c751e8b465ee728b)
Start importing Assets/RandomSpawner.cs using Guid(c0d1c355f53868940903f45d4d433a9f) Importer(815301076,1909f56bfc062723c751e8b465ee728b)  -> (artifact id: '8000a2e56b09653ea12e42782f55f222') in 0.005124 seconds 
  Import took 0.008870 seconds .

========================================================================
Received Prepare
Registering precompiled user dll's ...
Registered in 0.004075 seconds.
Begin MonoManager ReloadAssembly
Native extension for WindowsStandalone target not found
Native extension for WebGL target not found
Refreshing native plugins compatible for Editor in 0.56 ms, found 3 plugins.
Preloading 0 native plugins for Editor in 0.00 ms.
Mono: successfully reloaded assembly
- Completed reload, in  0.922 seconds
Domain Reload Profiling:
	ReloadAssembly (923ms)
		BeginReloadAssembly (107ms)
			ExecutionOrderSort (0ms)
			DisableScriptedObjects (5ms)
			BackupInstance (0ms)
			ReleaseScriptingObjects (0ms)
			CreateAndSetChildDomain (31ms)
		EndReloadAssembly (760ms)
			LoadAssemblies (79ms)
			RebuildTransferFunctionScriptingTraits (0ms)
			SetupTypeCache (256ms)
			ReleaseScriptCaches (1ms)
			RebuildScriptCaches (43ms)
			SetupLoadedEditorAssemblies (283ms)
				LogAssemblyErrors (0ms)
				InitializePlatformSupportModulesInManaged (6ms)
				SetLoadedEditorAssemblies (1ms)
				RefreshPlugins (1ms)
				BeforeProcessingInitializeOnLoad (72ms)
				ProcessInitializeOnLoadAttributes (188ms)
				ProcessInitializeOnLoadMethodAttributes (9ms)
				AfterProcessingInitializeOnLoad (6ms)
				EditorAssembliesLoaded (0ms)
			ExecutionOrderSort2 (0ms)
			AwakeInstancesAfterBackupRestoration (7ms)
Platform modules already initialized, skipping
Refreshing native plugins compatible for Editor in 0.54 ms, found 3 plugins.
Preloading 0 native plugins for Editor in 0.00 ms.
Unloading 2194 Unused Serialized files (Serialized files now loaded: 0)
System memory in use before: 99.8 MB.
System memory in use after: 100.0 MB.

Unloading 17 unused Assets to reduce memory usage. Loaded Objects now: 2735.
Total: 3.193400 ms (FindLiveObjects: 0.280000 ms CreateObjectMapping: 0.067600 ms MarkObjects: 2.822300 ms  DeleteObjects: 0.021900 ms)

AssetImportParameters requested are different than current active one (requested -> active):
  custom:framework-win-MediaFoundation: 216162199b28c13a410421893ffa2e32 -> 
  custom:video-decoder-ogg-theora: a1e56fd34408186e4bbccfd4996cb3dc -> 
  custom:container-muxer-webm: aa71ff27fc2769a1b78a27578f13a17b -> 
  custom:container-demuxer-webm: 4f35f7cbe854078d1ac9338744f61a02 -> 
  custom:container-demuxer-ogg: 62fdf1f143b41e24485cea50d1cbac27 -> 
  custom:video-encoder-webm-vp8: eb34c28f22e8b96e1ab97ce403110664 -> 
  custom:video-decoder-webm-vp8: 9c59270c3fd7afecdb556c50c9e8de78 -> 
  custom:audio-decoder-ogg-vorbis: bf7c407c2cedff20999df2af8eb42d56 -> 
  custom:audio-encoder-webm-vorbis: bf7c407c2cedff20999df2af8eb42d56 -> 
========================================================================
Received Import Request.
  Time since last request: 67.063606 seconds.
  path: Assets/Scripts
  artifactKey: Guid(48c1f9e5c4fca274b972d2a935f80f9d) Importer(815301076,1909f56bfc062723c751e8b465ee728b)
Start importing Assets/Scripts using Guid(48c1f9e5c4fca274b972d2a935f80f9d) Importer(815301076,1909f56bfc062723c751e8b465ee728b)  -> (artifact id: '1ae3ca7f233b0a5ff17c87f540d760d4') in 0.007341 seconds 
  Import took 0.011071 seconds .

========================================================================
Received Import Request.
  Time since last request: 3.185736 seconds.
  path: Assets/HealthBar.cs
  artifactKey: Guid(bd0cec702a1fa594785c576c31122270) Importer(815301076,1909f56bfc062723c751e8b465ee728b)
Start importing Assets/HealthBar.cs using Guid(bd0cec702a1fa594785c576c31122270) Importer(815301076,1909f56bfc062723c751e8b465ee728b)  -> (artifact id: '506fe096444bd588081ffdd395b924dd') in 0.002717 seconds 
  Import took 0.006714 seconds .

========================================================================
Received Prepare
Registering precompiled user dll's ...
Registered in 0.004114 seconds.
Begin MonoManager ReloadAssembly
Native extension for WindowsStandalone target not found
Native extension for WebGL target not found
Refreshing native plugins compatible for Editor in 0.56 ms, found 3 plugins.
Preloading 0 native plugins for Editor in 0.00 ms.
Mono: successfully reloaded assembly
- Completed reload, in  0.937 seconds
Domain Reload Profiling:
	ReloadAssembly (937ms)
		BeginReloadAssembly (109ms)
			ExecutionOrderSort (0ms)
			DisableScriptedObjects (5ms)
			BackupInstance (0ms)
			ReleaseScriptingObjects (0ms)
			CreateAndSetChildDomain (31ms)
		EndReloadAssembly (769ms)
			LoadAssemblies (84ms)
			RebuildTransferFunctionScriptingTraits (0ms)
			SetupTypeCache (270ms)
			ReleaseScriptCaches (1ms)
			RebuildScriptCaches (39ms)
			SetupLoadedEditorAssemblies (279ms)
				LogAssemblyErrors (0ms)
				InitializePlatformSupportModulesInManaged (5ms)
				SetLoadedEditorAssemblies (0ms)
				RefreshPlugins (1ms)
				BeforeProcessingInitializeOnLoad (68ms)
				ProcessInitializeOnLoadAttributes (187ms)
				ProcessInitializeOnLoadMethodAttributes (10ms)
				AfterProcessingInitializeOnLoad (7ms)
				EditorAssembliesLoaded (0ms)
			ExecutionOrderSort2 (0ms)
			AwakeInstancesAfterBackupRestoration (9ms)
Platform modules already initialized, skipping
Refreshing native plugins compatible for Editor in 0.55 ms, found 3 plugins.
Preloading 0 native plugins for Editor in 0.00 ms.
Unloading 2194 Unused Serialized files (Serialized files now loaded: 0)
System memory in use before: 99.8 MB.
System memory in use after: 100.0 MB.

Unloading 17 unused Assets to reduce memory usage. Loaded Objects now: 2737.
Total: 3.712500 ms (FindLiveObjects: 0.287900 ms CreateObjectMapping: 0.107000 ms MarkObjects: 3.292600 ms  DeleteObjects: 0.023500 ms)

AssetImportParameters requested are different than current active one (requested -> active):
  custom:framework-win-MediaFoundation: 216162199b28c13a410421893ffa2e32 -> 
  custom:video-decoder-ogg-theora: a1e56fd34408186e4bbccfd4996cb3dc -> 
  custom:container-muxer-webm: aa71ff27fc2769a1b78a27578f13a17b -> 
  custom:container-demuxer-webm: 4f35f7cbe854078d1ac9338744f61a02 -> 
  custom:container-demuxer-ogg: 62fdf1f143b41e24485cea50d1cbac27 -> 
  custom:video-encoder-webm-vp8: eb34c28f22e8b96e1ab97ce403110664 -> 
  custom:video-decoder-webm-vp8: 9c59270c3fd7afecdb556c50c9e8de78 -> 
  custom:audio-decoder-ogg-vorbis: bf7c407c2cedff20999df2af8eb42d56 -> 
  custom:audio-encoder-webm-vorbis: bf7c407c2cedff20999df2af8eb42d56 -> 
========================================================================
Received Prepare
Registering precompiled user dll's ...
Registered in 0.004383 seconds.
Begin MonoManager ReloadAssembly
Native extension for WindowsStandalone target not found
Native extension for WebGL target not found
Refreshing native plugins compatible for Editor in 0.83 ms, found 3 plugins.
Preloading 0 native plugins for Editor in 0.00 ms.
Mono: successfully reloaded assembly
- Completed reload, in  0.939 seconds
Domain Reload Profiling:
	ReloadAssembly (940ms)
		BeginReloadAssembly (112ms)
			ExecutionOrderSort (0ms)
			DisableScriptedObjects (5ms)
			BackupInstance (0ms)
			ReleaseScriptingObjects (0ms)
			CreateAndSetChildDomain (31ms)
		EndReloadAssembly (770ms)
			LoadAssemblies (87ms)
			RebuildTransferFunctionScriptingTraits (0ms)
			SetupTypeCache (261ms)
			ReleaseScriptCaches (1ms)
			RebuildScriptCaches (43ms)
			SetupLoadedEditorAssemblies (289ms)
				LogAssemblyErrors (0ms)
				InitializePlatformSupportModulesInManaged (7ms)
				SetLoadedEditorAssemblies (1ms)
				RefreshPlugins (1ms)
				BeforeProcessingInitializeOnLoad (70ms)
				ProcessInitializeOnLoadAttributes (193ms)
				ProcessInitializeOnLoadMethodAttributes (11ms)
				AfterProcessingInitializeOnLoad (6ms)
				EditorAssembliesLoaded (0ms)
			ExecutionOrderSort2 (0ms)
			AwakeInstancesAfterBackupRestoration (8ms)
Platform modules already initialized, skipping
Refreshing native plugins compatible for Editor in 0.59 ms, found 3 plugins.
Preloading 0 native plugins for Editor in 0.00 ms.
Unloading 2194 Unused Serialized files (Serialized files now loaded: 0)
System memory in use before: 99.8 MB.
System memory in use after: 100.0 MB.

Unloading 17 unused Assets to reduce memory usage. Loaded Objects now: 2739.
Total: 3.849700 ms (FindLiveObjects: 0.550800 ms CreateObjectMapping: 0.093900 ms MarkObjects: 3.179400 ms  DeleteObjects: 0.023000 ms)

AssetImportParameters requested are different than current active one (requested -> active):
  custom:framework-win-MediaFoundation: 216162199b28c13a410421893ffa2e32 -> 
  custom:video-decoder-ogg-theora: a1e56fd34408186e4bbccfd4996cb3dc -> 
  custom:container-muxer-webm: aa71ff27fc2769a1b78a27578f13a17b -> 
  custom:container-demuxer-webm: 4f35f7cbe854078d1ac9338744f61a02 -> 
  custom:container-demuxer-ogg: 62fdf1f143b41e24485cea50d1cbac27 -> 
  custom:video-encoder-webm-vp8: eb34c28f22e8b96e1ab97ce403110664 -> 
  custom:video-decoder-webm-vp8: 9c59270c3fd7afecdb556c50c9e8de78 -> 
  custom:audio-decoder-ogg-vorbis: bf7c407c2cedff20999df2af8eb42d56 -> 
  custom:audio-encoder-webm-vorbis: bf7c407c2cedff20999df2af8eb42d56 -> 
AssetImportWorkerClient::OnTransportError - code=2 error=End of file
